# JRE version: OpenJDK Runtime Environment (11.0.10) (build 11.0.10+0-b96-7249189)
# Java VM: OpenJDK 64-Bit Server VM (11.0.10+0-b96-7249189, mixed mode, tiered, compressed oops, g1 gc, windows-amd64)
Heap:
 garbage-first heap   total 228352K, used 106512K [0x0000000080000000, 0x0000000100000000)
  region size 1024K, 14 young (14336K), 7 survivors (7168K)
 Metaspace       used 104628K, capacity 106901K, committed 107184K, reserved 1142784K
  class space    used 12949K, capacity 13779K, committed 13824K, reserved 1048576K
GC Heap History (20 events):
Event: 42.399 GC heap before
{Heap before GC invocations=54 (full 0):
 garbage-first heap   total 140288K, used 113690K [0x0000000080000000, 0x0000000100000000)
  region size 1024K, 14 young (14336K), 2 survivors (2048K)
 Metaspace       used 88790K, capacity 90881K, committed 91184K, reserved 1128448K
  class space    used 11301K, capacity 12066K, committed 12160K, reserved 1048576K
}
Event: 42.409 GC heap after
{Heap after GC invocations=55 (full 0):
 garbage-first heap   total 184320K, used 101780K [0x0000000080000000, 0x0000000100000000)
  region size 1024K, 1 young (1024K), 1 survivors (1024K)
 Metaspace       used 88790K, capacity 90881K, committed 91184K, reserved 1128448K
  class space    used 11301K, capacity 12066K, committed 12160K, reserved 1048576K
}
Event: 43.227 GC heap before
{Heap before GC invocations=56 (full 0):
 garbage-first heap   total 184320K, used 130452K [0x0000000080000000, 0x0000000100000000)
  region size 1024K, 29 young (29696K), 1 survivors (1024K)
 Metaspace       used 88805K, capacity 90881K, committed 91184K, reserved 1128448K
  class space    used 11301K, capacity 12066K, committed 12160K, reserved 1048576K
}
Event: 43.230 GC heap after
{Heap after GC invocations=57 (full 0):
 garbage-first heap   total 184320K, used 101498K [0x0000000080000000, 0x0000000100000000)
  region size 1024K, 1 young (1024K), 1 survivors (1024K)
 Metaspace       used 88805K, capacity 90881K, committed 91184K, reserved 1128448K
  class space    used 11301K, capacity 12066K, committed 12160K, reserved 1048576K
}
Event: 43.775 GC heap before
{Heap before GC invocations=57 (full 0):
 garbage-first heap   total 184320K, used 126074K [0x0000000080000000, 0x0000000100000000)
  region size 1024K, 27 young (27648K), 1 survivors (1024K)
 Metaspace       used 88832K, capacity 90919K, committed 91184K, reserved 1128448K
  class space    used 11305K, capacity 12100K, committed 12160K, reserved 1048576K
}
Event: 43.785 GC heap after
{Heap after GC invocations=58 (full 0):
 garbage-first heap   total 184320K, used 106233K [0x0000000080000000, 0x0000000100000000)
  region size 1024K, 4 young (4096K), 4 survivors (4096K)
 Metaspace       used 88832K, capacity 90919K, committed 91184K, reserved 1128448K
  class space    used 11305K, capacity 12100K, committed 12160K, reserved 1048576K
}
Event: 44.707 GC heap before
{Heap before GC invocations=59 (full 0):
 garbage-first heap   total 184320K, used 152313K [0x0000000080000000, 0x0000000100000000)
  region size 1024K, 35 young (35840K), 4 survivors (4096K)
 Metaspace       used 91243K, capacity 93366K, committed 93616K, reserved 1130496K
  class space    used 11499K, capacity 12276K, committed 12288K, reserved 1048576K
}
Event: 44.723 GC heap after
{Heap after GC invocations=60 (full 0):
 garbage-first heap   total 184320K, used 110292K [0x0000000080000000, 0x0000000100000000)
  region size 1024K, 5 young (5120K), 5 survivors (5120K)
 Metaspace       used 91243K, capacity 93366K, committed 93616K, reserved 1130496K
  class space    used 11499K, capacity 12276K, committed 12288K, reserved 1048576K
}
Event: 45.183 GC heap before
{Heap before GC invocations=60 (full 0):
 garbage-first heap   total 184320K, used 139988K [0x0000000080000000, 0x0000000100000000)
  region size 1024K, 35 young (35840K), 5 survivors (5120K)
 Metaspace       used 92559K, capacity 94646K, committed 94768K, reserved 1132544K
  class space    used 11585K, capacity 12340K, committed 12416K, reserved 1048576K
}
Event: 45.199 GC heap after
{Heap after GC invocations=61 (full 0):
 garbage-first heap   total 184320K, used 113523K [0x0000000080000000, 0x0000000100000000)
  region size 1024K, 4 young (4096K), 4 survivors (4096K)
 Metaspace       used 92559K, capacity 94646K, committed 94768K, reserved 1132544K
  class space    used 11585K, capacity 12340K, committed 12416K, reserved 1048576K
}
Event: 45.554 GC heap before
{Heap before GC invocations=61 (full 0):
 garbage-first heap   total 184320K, used 132979K [0x0000000080000000, 0x0000000100000000)
  region size 1024K, 34 young (34816K), 4 survivors (4096K)
 Metaspace       used 92898K, capacity 94998K, committed 95280K, reserved 1132544K
  class space    used 11607K, capacity 12372K, committed 12416K, reserved 1048576K
}
Event: 45.570 GC heap after
{Heap after GC invocations=62 (full 0):
 garbage-first heap   total 228352K, used 108182K [0x0000000080000000, 0x0000000100000000)
  region size 1024K, 5 young (5120K), 5 survivors (5120K)
 Metaspace       used 92898K, capacity 94998K, committed 95280K, reserved 1132544K
  class space    used 11607K, capacity 12372K, committed 12416K, reserved 1048576K
}
Event: 47.032 GC heap before
{Heap before GC invocations=63 (full 0):
 garbage-first heap   total 228352K, used 159382K [0x0000000080000000, 0x0000000100000000)
  region size 1024K, 55 young (56320K), 5 survivors (5120K)
 Metaspace       used 94231K, capacity 96335K, committed 96432K, reserved 1132544K
  class space    used 11727K, capacity 12471K, committed 12544K, reserved 1048576K
}
Event: 47.043 GC heap after
{Heap after GC invocations=64 (full 0):
 garbage-first heap   total 228352K, used 106147K [0x0000000080000000, 0x0000000100000000)
  region size 1024K, 2 young (2048K), 2 survivors (2048K)
 Metaspace       used 94231K, capacity 96335K, committed 96432K, reserved 1132544K
  class space    used 11727K, capacity 12471K, committed 12544K, reserved 1048576K
}
Event: 47.407 GC heap before
{Heap before GC invocations=64 (full 0):
 garbage-first heap   total 228352K, used 114339K [0x0000000080000000, 0x0000000100000000)
  region size 1024K, 11 young (11264K), 2 survivors (2048K)
 Metaspace       used 94489K, capacity 96590K, committed 96688K, reserved 1134592K
  class space    used 11759K, capacity 12513K, committed 12544K, reserved 1048576K
}
Event: 47.415 GC heap after
{Heap after GC invocations=65 (full 0):
 garbage-first heap   total 228352K, used 95025K [0x0000000080000000, 0x0000000100000000)
  region size 1024K, 1 young (1024K), 1 survivors (1024K)
 Metaspace       used 94489K, capacity 96590K, committed 96688K, reserved 1134592K
  class space    used 11759K, capacity 12513K, committed 12544K, reserved 1048576K
}
Event: 50.268 GC heap before
{Heap before GC invocations=65 (full 0):
 garbage-first heap   total 228352K, used 176945K [0x0000000080000000, 0x0000000100000000)
  region size 1024K, 81 young (82944K), 1 survivors (1024K)
 Metaspace       used 100804K, capacity 103013K, committed 103216K, reserved 1138688K
  class space    used 12560K, capacity 13390K, committed 13440K, reserved 1048576K
}
Event: 50.281 GC heap after
{Heap after GC invocations=66 (full 0):
 garbage-first heap   total 228352K, used 99264K [0x0000000080000000, 0x0000000100000000)
  region size 1024K, 5 young (5120K), 5 survivors (5120K)
 Metaspace       used 100804K, capacity 103013K, committed 103216K, reserved 1138688K
  class space    used 12560K, capacity 13390K, committed 13440K, reserved 1048576K
}
Event: 71.521 GC heap before
{Heap before GC invocations=66 (full 0):
 garbage-first heap   total 228352K, used 178112K [0x0000000080000000, 0x0000000100000000)
  region size 1024K, 83 young (84992K), 5 survivors (5120K)
 Metaspace       used 104600K, capacity 106900K, committed 107184K, reserved 1142784K
  class space    used 12949K, capacity 13779K, committed 13824K, reserved 1048576K
}
Event: 71.881 GC heap after
{Heap after GC invocations=67 (full 0):
 garbage-first heap   total 228352K, used 101392K [0x0000000080000000, 0x0000000100000000)
  region size 1024K, 7 young (7168K), 7 survivors (7168K)
 Metaspace       used 104600K, capacity 106900K, committed 107184K, reserved 1142784K
  class space    used 12949K, capacity 13779K, committed 13824K, reserved 1048576K
}

